Дата и время запуска программы: 2023-09-09 11:49:20.538192
    Имя функции: hello_world
    Аргументы: () и {}
    Возвращаемое значение: Hello World
Дата и время запуска программы: 2023-09-09 11:49:20.538689
    Имя функции: summator
    Аргументы: (2, 2) и {}
    Возвращаемое значение: 4
Дата и время запуска программы: 2023-09-09 11:49:20.538689
    Имя функции: div
    Аргументы: (6, 2) и {}
    Возвращаемое значение: 3.0
Дата и время запуска программы: 2023-09-09 11:49:20.539705
    Имя функции: summator
    Аргументы: (4.3,) и {'b': 2.2}
    Возвращаемое значение: 6.5
Дата и время запуска программы: 2023-09-09 11:49:20.539705
    Имя функции: summator
    Аргументы: () и {'a': 0, 'b': 0}
    Возвращаемое значение: 0
